<?xml version="1.0" encoding="UTF-8"?>
<!-- Generated by org.testng.reporters.JUnitReportReporter -->
<testsuite hostname="DESKTOP-IU9D0MM" failures="0" tests="1" name="com.BB.test.LogInTest_Nive" time="62.372" errors="0" timestamp="2023-12-06T17:21:23 IST" skipped="0">
  <testcase classname="com.BB.test.LogInTest_Nive" name="LogIn_InValid" time="62.372"/>
</testsuite> <!-- com.BB.test.LogInTest_Nive -->
