<?xml version="1.0" encoding="UTF-8"?>
<!-- Generated by org.testng.reporters.JUnitReportReporter -->
<testsuite hostname="DESKTOP-IU9D0MM" failures="0" tests="1" name="com.BB.test.MenuTest" time="93.723" errors="0" timestamp="2023-12-10T21:07:06 IST" skipped="0">
  <testcase classname="com.BB.test.MenuTest" name="menuTest" time="93.723"/>
</testsuite> <!-- com.BB.test.MenuTest -->
