<?xml version="1.0" encoding="UTF-8"?>
<!-- Generated by org.testng.reporters.JUnitReportReporter -->
<testsuite hostname="DESKTOP-IU9D0MM" failures="0" tests="1" name="com.BB.test.PayTest" time="421.106" errors="0" timestamp="2023-12-10T19:24:04 IST" skipped="0">
  <testcase classname="com.BB.test.PayTest" name="add_Items_toCart" time="421.106"/>
</testsuite> <!-- com.BB.test.PayTest -->
