<?xml version="1.0" encoding="UTF-8"?>
<!-- Generated by org.testng.reporters.JUnitReportReporter -->
<testsuite hostname="DESKTOP-IU9D0MM" failures="0" tests="1" name="com.BB.test.SignUpTest_Nive" time="73.993" errors="0" timestamp="2023-12-08T16:45:31 IST" skipped="0">
  <testcase classname="com.BB.test.SignUpTest_Nive" name="signupTestInvalid" time="73.993"/>
</testsuite> <!-- com.BB.test.SignUpTest_Nive -->
