<?xml version="1.0" encoding="UTF-8"?>
<!-- Generated by org.testng.reporters.JUnitReportReporter -->
<testsuite hostname="DESKTOP-IU9D0MM" failures="0" tests="4" name="com.BB.test.LogInTest_Nive" time="260.918" errors="0" timestamp="2023-12-08T16:54:09 IST" skipped="0">
  <testcase classname="com.BB.test.LogInTest_Nive" name="LogIn_InValid" time="60.474"/>
  <testcase classname="com.BB.test.LogInTest_Nive" name="LogIn_InValid" time="64.515"/>
  <testcase classname="com.BB.test.LogInTest_Nive" name="LogIn_InValid" time="68.501"/>
  <testcase classname="com.BB.test.LogInTest_Nive" name="LogIn_InValid" time="67.428"/>
</testsuite> <!-- com.BB.test.LogInTest_Nive -->
