<?xml version="1.0" encoding="UTF-8"?>
<!-- Generated by org.testng.reporters.JUnitReportReporter -->
<testsuite hostname="DESKTOP-IU9D0MM" failures="0" tests="1" name="com.BB.test.BottomLinkTest" time="21.956" errors="0" timestamp="2023-12-08T16:12:12 IST" skipped="0">
  <testcase classname="com.BB.test.BottomLinkTest" name="bottomLinksValid" time="21.956"/>
</testsuite> <!-- com.BB.test.BottomLinkTest -->
