<?xml version="1.0" encoding="UTF-8"?>
<!-- Generated by org.testng.reporters.JUnitReportReporter -->
<testsuite hostname="DESKTOP-IU9D0MM" failures="0" tests="1" name="com.BB.test.BottomLinkTest" time="43.476" errors="0" timestamp="2023-12-06T18:48:07 IST" skipped="0">
  <testcase classname="com.BB.test.BottomLinkTest" name="bottomLinksValid" time="43.476"/>
</testsuite> <!-- com.BB.test.BottomLinkTest -->
