<?xml version="1.0" encoding="UTF-8"?>
<!-- Generated by org.testng.reporters.JUnitReportReporter -->
<testsuite hostname="DESKTOP-IU9D0MM" failures="0" tests="1" name="com.BB.test.BottomLinkTest" time="25.035" errors="0" timestamp="2023-12-09T18:23:55 IST" skipped="0">
  <testcase classname="com.BB.test.BottomLinkTest" name="bottomLinksValid" time="25.035"/>
</testsuite> <!-- com.BB.test.BottomLinkTest -->
