<?xml version="1.0" encoding="UTF-8"?>
<!-- Generated by org.testng.reporters.JUnitReportReporter -->
<testsuite hostname="DESKTOP-IU9D0MM" failures="0" tests="1" name="com.BB.test.LogInTest_Pive" time="65.661" errors="0" timestamp="2023-12-08T16:48:47 IST" skipped="0">
  <testcase classname="com.BB.test.LogInTest_Pive" name="LogInValid" time="65.661"/>
</testsuite> <!-- com.BB.test.LogInTest_Pive -->
