<?xml version="1.0" encoding="UTF-8"?>
<!-- Generated by org.testng.reporters.JUnitReportReporter -->
<testsuite hostname="DESKTOP-IU9D0MM" failures="0" tests="1" name="com.BB.test.SignUpTest_Pive" time="55.863" errors="0" timestamp="2023-12-12T18:41:10 IST" skipped="0">
  <testcase classname="com.BB.test.SignUpTest_Pive" name="signupTestvalid" time="55.863"/>
</testsuite> <!-- com.BB.test.SignUpTest_Pive -->
