<?xml version="1.0" encoding="UTF-8"?>
<!-- Generated by org.testng.reporters.JUnitReportReporter -->
<testsuite hostname="DESKTOP-IU9D0MM" failures="0" tests="4" name="com.BB.test.LogInTest_Nive" time="389.041" errors="0" timestamp="2023-12-12T18:41:10 IST" skipped="0">
  <testcase classname="com.BB.test.LogInTest_Nive" name="LogIn_InValid" time="117.862"/>
  <testcase classname="com.BB.test.LogInTest_Nive" name="LogIn_InValid" time="77.965"/>
  <testcase classname="com.BB.test.LogInTest_Nive" name="LogIn_InValid" time="124.683"/>
  <testcase classname="com.BB.test.LogInTest_Nive" name="LogIn_InValid" time="68.531"/>
</testsuite> <!-- com.BB.test.LogInTest_Nive -->
