<?xml version="1.0" encoding="UTF-8"?>
<!-- Generated by org.testng.reporters.JUnitReportReporter -->
<testsuite hostname="DESKTOP-IU9D0MM" failures="0" tests="1" name="com.BB.test.MenuTest" time="93.406" errors="0" timestamp="2023-12-12T18:41:10 IST" skipped="0">
  <testcase classname="com.BB.test.MenuTest" name="menuTest" time="93.406"/>
</testsuite> <!-- com.BB.test.MenuTest -->
